\BOOKMARK [1][-]{section.1}{\376\377\000I\000n\000t\000r\000o\000d\000u\000c\000c\000i\000\363\000n}{}% 1
\BOOKMARK [1][-]{section.2}{\376\377\000L\000a\000\040\000i\000d\000e\000a\000\040\000f\000u\000n\000d\000a\000m\000e\000n\000t\000a\000l}{}% 2
\BOOKMARK [1][-]{section.3}{\376\377\000L\000a\000\040\000e\000s\000t\000r\000u\000c\000t\000u\000r\000a\000\040\000i\000n\000i\000c\000i\000a\000l}{}% 3
\BOOKMARK [1][-]{section.4}{\376\377\000L\000a\000\040\000m\000i\000s\000i\000\363\000n\000\040\000d\000e\000\040\000c\000a\000d\000a\000\040\000p\000i\000e\000z\000a}{}% 4
\BOOKMARK [2][-]{subsection.4.1}{\376\377\000L\000o\000s\000\040\000p\000e\000o\000n\000e\000s}{section.4}% 5
\BOOKMARK [2][-]{subsection.4.2}{\376\377\000E\000l\000\040\000c\000a\000b\000a\000l\000l\000o\000\040\000d\000e\000\040\000g\0008\000\040\000\050\000e\000n\000\040\000l\000a\000\040\000V\000a\000r\000i\000a\000n\000t\000e\000\040\000A\000v\000a\000n\000z\000a\000d\000a\000\051}{section.4}% 6
\BOOKMARK [2][-]{subsection.4.3}{\376\377\000E\000l\000\040\000a\000l\000f\000i\000l\000\040\000d\000e\000\040\000c\0008\000:\000\040\000l\000a\000\040\000e\000s\000t\000r\000e\000l\000l\000a\000\040\000d\000e\000\040\000l\000a\000\040\000C\000a\000r\000o\040\023\000K\000a\000n\000n}{section.4}% 7
\BOOKMARK [2][-]{subsection.4.4}{\376\377\000E\000l\000\040\000c\000a\000b\000a\000l\000l\000o\000\040\000d\000e\000\040\000b\0008}{section.4}% 8
\BOOKMARK [2][-]{subsection.4.5}{\376\377\000L\000a\000\040\000t\000o\000r\000r\000e\000\040\000d\000e\000\040\000a\0008\000\040\000y\000\040\000e\000l\000\040\000f\000l\000a\000n\000c\000o\000\040\000d\000e\000\040\000d\000a\000m\000a}{section.4}% 9
\BOOKMARK [1][-]{section.5}{\376\377\000L\000a\000\040\000V\000a\000r\000i\000a\000n\000t\000e\000\040\000A\000v\000a\000n\000z\000a\000d\000a\000\040\000\050\0003\000.\000e\0005\000\051}{}% 10
\BOOKMARK [2][-]{subsection.5.1}{\376\377\000L\000a\000\040\000l\000\355\000n\000e\000a\000\040\000p\000r\000i\000n\000c\000i\000p\000a\000l}{section.5}% 11
\BOOKMARK [2][-]{subsection.5.2}{\376\377\000E\000l\000\040\000p\000l\000a\000n\000\040\000n\000e\000g\000r\000o\000:\000\040\000p\000r\000e\000s\000i\000\363\000n\000\040\000s\000i\000s\000t\000e\000m\000\341\000t\000i\000c\000a}{section.5}% 12
\BOOKMARK [2][-]{subsection.5.3}{\376\377\000L\000\355\000n\000e\000a\000s\000\040\000c\000r\000\355\000t\000i\000c\000a\000s\000\040\000y\000\040\000e\000r\000r\000o\000r\000e\000s\000\040\000c\000o\000m\000u\000n\000e\000s}{section.5}% 13
\BOOKMARK [1][-]{section.6}{\376\377\000L\000a\000\040\000V\000a\000r\000i\000a\000n\000t\000e\000\040\000d\000e\000\040\000I\000n\000t\000e\000r\000c\000a\000m\000b\000i\000o\000\040\000\050\0003\000.\000e\000x\000d\0005\000\051}{}% 14
\BOOKMARK [2][-]{subsection.6.1}{\376\377\000L\000a\000\040\000e\000s\000t\000r\000u\000c\000t\000u\000r\000a\000\040\000s\000i\000m\000\351\000t\000r\000i\000c\000a}{section.6}% 15
\BOOKMARK [2][-]{subsection.6.2}{\376\377\000E\000l\000\040\000p\000l\000a\000n\000\040\000t\000\355\000p\000i\000c\000o}{section.6}% 16
\BOOKMARK [1][-]{section.7}{\376\377\000L\000a\000\040\000V\000a\000r\000i\000a\000n\000t\000e\000\040\000C\000l\000\341\000s\000i\000c\000a\000\040\000\050\0003\000.\000N\000c\0003\000\051}{}% 17
\BOOKMARK [2][-]{subsection.7.1}{\376\377\000L\000a\000\040\000t\000e\000o\000r\000\355\000a\000\040\000y\000\040\000l\000a\000\040\000r\000e\000a\000l\000i\000d\000a\000d}{section.7}% 18
\BOOKMARK [2][-]{subsection.7.2}{\376\377\000L\000o\000s\000\040\000p\000r\000i\000n\000c\000i\000p\000i\000o\000s\000\040\000b\000\341\000s\000i\000c\000o\000s}{section.7}% 19
\BOOKMARK [2][-]{subsection.7.3}{\376\377\000V\000a\000r\000i\000a\000n\000t\000e\000\040\000a\000l\000t\000e\000r\000n\000a\000t\000i\000v\000a\000:\000\040\0003\000.\000N\000d\0002}{section.7}% 20
\BOOKMARK [1][-]{section.8}{\376\377\000T\000r\000a\000m\000p\000a\000s\000\040\000t\000\341\000c\000t\000i\000c\000a\000s\000\040\000a\000\040\000c\000o\000n\000o\000c\000e\000r}{}% 21
\BOOKMARK [2][-]{subsection.8.1}{\376\377\000T\000r\000a\000m\000p\000a\000\040\000\043\0001\000:\000\040\000E\000l\000\040\000a\000l\000f\000i\000l\000\040\000e\000n\000\040\000g\0004\000\040\000c\000l\000a\000v\000a\000d\000o}{section.8}% 22
\BOOKMARK [2][-]{subsection.8.2}{\376\377\000T\000r\000a\000m\000p\000a\000\040\000\043\0002\000:\000\040\000E\000l\000\040\000p\000e\000\363\000n\000\040\000d\000e\000\040\000d\0004\000\040\000e\000n\000v\000e\000n\000e\000n\000a\000d\000o}{section.8}% 23
\BOOKMARK [2][-]{subsection.8.3}{\376\377\000T\000r\000a\000m\000p\000a\000\040\000\043\0003\000:\000\040\000E\000l\000\040\000e\000n\000r\000o\000q\000u\000e\000\040\000p\000r\000e\000m\000a\000t\000u\000r\000o}{section.8}% 24
\BOOKMARK [1][-]{section.9}{\376\377\000P\000l\000a\000n\000e\000s\000\040\000t\000\355\000p\000i\000c\000o\000s\000\040\000e\000n\000\040\000e\000l\000\040\000m\000e\000d\000i\000o\000\040\000j\000u\000e\000g\000o}{}% 25
\BOOKMARK [2][-]{subsection.9.1}{\376\377\000P\000l\000a\000n\000\040\000A\000:\000\040\000P\000r\000e\000s\000i\000\363\000n\000\040\000s\000o\000b\000r\000e\000\040\000d\0004}{section.9}% 26
\BOOKMARK [2][-]{subsection.9.2}{\376\377\000P\000l\000a\000n\000\040\000B\000:\000\040\000A\000t\000a\000q\000u\000e\000\040\000d\000e\000\040\000m\000i\000n\000o\000r\000\355\000a\000s}{section.9}% 27
\BOOKMARK [2][-]{subsection.9.3}{\376\377\000P\000l\000a\000n\000\040\000C\000:\000\040\000S\000i\000m\000p\000l\000i\000f\000i\000c\000a\000c\000i\000o\000n\000e\000s}{section.9}% 28
\BOOKMARK [1][-]{section.10}{\376\377\000F\000i\000n\000a\000l\000e\000s\000\040\000t\000\355\000p\000i\000c\000o\000s\000\040\000d\000e\000\040\000l\000a\000\040\000C\000a\000r\000o\040\023\000K\000a\000n\000n}{}% 29
\BOOKMARK [2][-]{subsection.10.1}{\376\377\000F\000i\000n\000a\000l\000e\000s\000\040\000d\000e\000\040\000p\000e\000o\000n\000e\000s}{section.10}% 30
\BOOKMARK [2][-]{subsection.10.2}{\376\377\000F\000i\000n\000a\000l\000e\000s\000\040\000d\000e\000\040\000t\000o\000r\000r\000e\000s}{section.10}% 31
\BOOKMARK [2][-]{subsection.10.3}{\376\377\000F\000i\000n\000a\000l\000e\000s\000\040\000d\000e\000\040\000a\000l\000f\000i\000l\000e\000s\000\040\000d\000e\000\040\000d\000i\000s\000t\000i\000n\000t\000o\000\040\000c\000o\000l\000o\000r}{section.10}% 32
\BOOKMARK [1][-]{section.11}{\376\377\000C\000\363\000m\000o\000\040\000e\000s\000t\000u\000d\000i\000a\000r\000\040\000l\000a\000\040\000C\000a\000r\000o\040\023\000K\000a\000n\000n}{}% 33
\BOOKMARK [2][-]{subsection.11.1}{\376\377\000P\000a\000s\000o\000\040\0001\000:\000\040\000E\000n\000t\000e\000n\000d\000e\000r\000\040\000l\000o\000s\000\040\000p\000l\000a\000n\000e\000s\000\040\000\050\000n\000o\000\040\000m\000e\000m\000o\000r\000i\000z\000a\000r\000\051}{section.11}% 34
\BOOKMARK [2][-]{subsection.11.2}{\376\377\000P\000a\000s\000o\000\040\0002\000:\000\040\000J\000u\000g\000a\000r\000\040\000p\000a\000r\000t\000i\000d\000a\000s\000\040\000d\000e\000\040\000p\000r\000\341\000c\000t\000i\000c\000a}{section.11}% 35
\BOOKMARK [2][-]{subsection.11.3}{\376\377\000P\000a\000s\000o\000\040\0003\000:\000\040\000A\000n\000a\000l\000i\000z\000a\000r\000\040\000c\000o\000n\000\040\000m\000o\000t\000o\000r}{section.11}% 36
\BOOKMARK [2][-]{subsection.11.4}{\376\377\000P\000a\000s\000o\000\040\0004\000:\000\040\000E\000s\000t\000u\000d\000i\000a\000r\000\040\000p\000a\000r\000t\000i\000d\000a\000s\000\040\000d\000e\000\040\000m\000a\000e\000s\000t\000r\000o\000s}{section.11}% 37
\BOOKMARK [1][-]{section.12}{\376\377\000T\000r\000a\000n\000s\000i\000c\000i\000o\000n\000e\000s\000\040\000a\000\040\000o\000t\000r\000a\000s\000\040\000a\000p\000e\000r\000t\000u\000r\000a\000s}{}% 38
\BOOKMARK [1][-]{section.13}{\376\377\000T\000r\000u\000c\000o\000s\000\040\000y\000\040\000c\000e\000l\000a\000d\000a\000s\000\040\000e\000n\000\040\000l\000a\000\040\000C\000a\000r\000o\040\023\000K\000a\000n\000n}{}% 39
\BOOKMARK [2][-]{subsection.13.1}{\376\377\000E\000l\000\040\000M\000a\000t\000e\000\040\000d\000e\000l\000\040\000C\000a\000b\000a\000l\000l\000o}{section.13}% 40
\BOOKMARK [2][-]{subsection.13.2}{\376\377\000D\000e\000b\000i\000l\000i\000t\000a\000n\000d\000o\000\040\000l\000a\000\040\000d\000i\000a\000g\000o\000n\000a\000l\000\040\000h\0005\040\023\000e\0008}{section.13}% 41
\BOOKMARK [2][-]{subsection.13.3}{\376\377\000E\000x\000c\000e\000s\000o\000\040\000d\000e\000\040\000a\000m\000b\000i\000c\000i\000\363\000n\000:\000\040\000L\000a\000\040\000t\000r\000a\000m\000p\000a\000\040\000d\000e\000l\000\040\000a\000l\000f\000i\000l\000\040\000e\000n\000\040\000b\0003}{section.13}% 42
\BOOKMARK [2][-]{subsection.13.4}{\376\377\000I\000n\000s\000p\000i\000r\000a\000d\000o\000s\000\040\000e\000n\000\040\000e\000l\000\040\000M\000a\000t\000e\000\040\000d\000e\000\040\000L\000e\000g\000a\000l}{section.13}% 43
\BOOKMARK [2][-]{subsection.13.5}{\376\377\000L\000a\000\040\000t\000r\000a\000m\000p\000a\000\040\000d\000e\000\040\000C\000g\0005\000\040\000y\000\040\000C\000e\0006}{section.13}% 44
\BOOKMARK [2][-]{subsection.13.6}{\376\377\000P\000e\000l\000i\000g\000r\000o\000\040\000c\000o\000n\000\040\000e\000l\000\040\000a\000l\000f\000i\000l\000\040\000e\000n\000\040\000g\0004\000\040\000t\000e\000m\000p\000r\000a\000n\000o}{section.13}% 45
\BOOKMARK [2][-]{subsection.13.7}{\376\377\000L\000a\000\040\000t\000r\000a\000m\000p\000a\000\040\000d\000e\000\040\000A\000c\0004\000\040\000y\000\040\000D\000e\0002}{section.13}% 46
\BOOKMARK [1][-]{section.14}{\376\377\000E\000r\000r\000o\000r\000e\000s\000\040\000c\000o\000m\000u\000n\000e\000s\000\040\000a\000\040\000e\000v\000i\000t\000a\000r}{}% 47
\BOOKMARK [2][-]{subsection.14.1}{\376\377\000E\000r\000r\000o\000r\000\040\000\043\0001\000:\000\040\000J\000u\000g\000a\000r\000\040\000e\0006\000\040\000d\000e\000m\000a\000s\000i\000a\000d\000o\000\040\000p\000r\000o\000n\000t\000o}{section.14}% 48
\BOOKMARK [2][-]{subsection.14.2}{\376\377\000E\000r\000r\000o\000r\000\040\000\043\0002\000:\000\040\000D\000e\000s\000a\000r\000r\000o\000l\000l\000o\000\040\000a\000u\000t\000o\000m\000\341\000t\000i\000c\000o\000\040\000s\000i\000n\000\040\000p\000l\000a\000n}{section.14}% 49
\BOOKMARK [2][-]{subsection.14.3}{\376\377\000E\000r\000r\000o\000r\000\040\000\043\0003\000:\000\040\000I\000g\000n\000o\000r\000a\000r\000\040\000c\0005}{section.14}% 50
\BOOKMARK [2][-]{subsection.14.4}{\376\377\000E\000r\000r\000o\000r\000\040\000\043\0004\000:\000\040\000M\000i\000e\000d\000o\000\040\000a\000\040\000s\000i\000m\000p\000l\000i\000f\000i\000c\000a\000r}{section.14}% 51
\BOOKMARK [2][-]{subsection.14.5}{\376\377\000E\000r\000r\000o\000r\000\040\000\043\0005\000:\000\040\000P\000e\000r\000d\000e\000r\000\040\000l\000a\000\040\000p\000a\000c\000i\000e\000n\000c\000i\000a}{section.14}% 52
\BOOKMARK [1][-]{section.15}{\376\377\000C\000o\000n\000c\000l\000u\000s\000i\000\363\000n}{}% 53
